<?xml version="1.0" encoding="UTF-8"?><testsuite name="nosetests" tests="1" errors="1" failures="0" skip="0"><testcase classname="nose.failure.Failure" name="runTest" time="0.000"><error type="builtins.ImportError" message="No module named 'test_initializer'"><![CDATA[Traceback (most recent call last):
  File "/home/ajtikka/workspace/aplusenv/lib/python3.4/unittest/case.py", line 58, in testPartExecutor
    yield
  File "/home/ajtikka/workspace/aplusenv/lib/python3.4/unittest/case.py", line 577, in run
    testMethod()
  File "/home/ajtikka/workspace/aplusenv/lib/python3.4/site-packages/nose/failure.py", line 39, in runTest
    raise self.exc_val.with_traceback(self.tb)
  File "/home/ajtikka/workspace/aplusenv/lib/python3.4/site-packages/nose/loader.py", line 420, in loadTestsFromName
    addr.filename, addr.module)
  File "/home/ajtikka/workspace/aplusenv/lib/python3.4/site-packages/nose/importer.py", line 47, in importFromPath
    return self.importFromDir(dir_path, fqname)
  File "/home/ajtikka/workspace/aplusenv/lib/python3.4/site-packages/nose/importer.py", line 94, in importFromDir
    mod = load_module(part_fqname, fh, filename, desc)
  File "/home/ajtikka/workspace/aplusenv/lib/python3.4/imp.py", line 235, in load_module
    return load_source(name, filename, file)
  File "/home/ajtikka/workspace/aplusenv/lib/python3.4/imp.py", line 171, in load_source
    module = methods.load()
  File "<frozen importlib._bootstrap>", line 1220, in load
  File "<frozen importlib._bootstrap>", line 1200, in _load_unlocked
  File "<frozen importlib._bootstrap>", line 1129, in _exec
  File "<frozen importlib._bootstrap>", line 1471, in exec_module
  File "<frozen importlib._bootstrap>", line 321, in _call_with_frames_removed
  File "/home/ajtikka/workspace/aplus/selenium_test/test/staff_page_test.py", line 3, in <module>
    from test_initializer import TestInitializer
ImportError: No module named 'test_initializer'
]]></error></testcase></testsuite>